<?xml version="1.0" encoding="UTF-8" ?>
<testsuite tests="6" failures="0" name="RouteCalculatorTest" time="0.01" errors="0" skipped="0">
  <properties>
[...]
</properties>
  <testcase classname="RouteCalculatorTest" name="getShortestRouteInThreeLine" time="0.009"/>
  <testcase classname="RouteCalculatorTest" name="calculateDurationInThreeLine" time="0"/>
  <testcase classname="RouteCalculatorTest" name="calculateDurationInOneLine" time="0"/>
  <testcase classname="RouteCalculatorTest" name="getShortestRouteInOneLine" time="0"/>
  <testcase classname="RouteCalculatorTest" name="calculateDurationInTwoLine" time="0"/>
  <testcase classname="RouteCalculatorTest" name="getShortestRouteInTwoLine" time="0.001"/>
</testsuite>